12:18:31 LOG SRCHWIN.log OPENED Wed May 08 12:18:31 2013
12:18:31 SPEED 1000
12:18:31 PLOAD SAT.PRO
12:18:31 SHOW S
12:18:31 FLUSH
12:18:31 DPOP *
12:18:31 DREMOVE *
12:18:34 PLOAD - Loaded SAT.PRO
12:18:34 HOPEN  1,5,1,1,1,2230,1750,375,0,3,0x0
12:18:34 HTITLE 1,"Events"
12:18:34 HFILE  1,"SRCHWIN.htb"
12:18:34 HOPEN  2,7,1,1,2,2230,1750,375,0,3,0x0
12:18:34 HTITLE 2,"Eye movements"
12:18:34 HFILE  2,"SRCHWIN.htb"
12:18:34 HOPEN  3,3,1,1,1,2230,7000,1500,0,0,0x0
12:18:34 HTITLE 3,"Spikes"
12:18:34 HFILE  3,"SRCHWIN.htb"
12:18:34 SCREENRES 1152,864,32
12:18:34 MAINWND 3,-1,-1,-1,-1,130,130,1000,740,0
12:18:34 MSGWND 1,-1,-1,-1,-1,340,40,870,330,0
12:18:34 STATUSWND 1,-1,-1,-1,-1,525,426,1108,789,0
12:18:34 SHOW s 0
12:18:34 CMDWND 1,-1,-1,-1,-1,0,40,339,90,0
12:18:34 ANIMPAGE 0x1,1,-1,-1,-1,-1,870,40,1150,330,0
12:18:34 ANIMVIEW 0,1,-1,-1,-1,-1,0,0,272,263,0
12:18:34 DBPCOLORS 0x0,0x0,0x0,0x0,0x0
12:18:34 DLOAD SAT.dcf
12:18:34 FLUSH
12:18:34 DPOP *
12:18:34 DREMOVE *
12:18:34 FLUSH
12:18:34 SCREENRES 1152,864,32
12:18:34 DIAPAGE 0,"MENU"
12:18:34 DIAPOS   0,0,-1,-1,-1,-1,0,90,112,603,0
12:18:34 DIAOBJ   0,0,2,7,404,85,423,"ESCAPE","DPOP"
12:18:34 DIAOBJ   0,1,2,7,5,85,24,"TRAINING","DIALOG TRAINING"
12:18:34 DIAOBJ   0,2,2,7,31,85,50,"TIME","DIALOG TIME"
12:18:34 DIAOBJ   0,3,2,7,57,85,76,"GROUPING","DIALOG GROUPING"
12:18:34 DIAOBJ   0,4,2,7,131,85,150,"TARGET 0","DIALOG TARGET0"
12:18:34 DIAOBJ   0,5,2,7,156,85,175,"TARGET 1","DIALOG TARGET1"
12:18:34 DIAOBJ   0,6,2,7,181,85,200,"TARGET 2","DIALOG TARGET2"
12:18:34 DIAOBJ   0,7,2,7,206,85,225,"TARGET 3","DIALOG TARGET3"
12:18:34 DIAOBJ   0,8,2,7,231,85,250,"TARGET 4","DIALOG TARGET4"
12:18:34 DIAOBJ   0,9,2,7,256,85,275,"TARGET 5","DIALOG TARGET5"
12:18:34 DIAOBJ   0,10,2,7,301,85,320,"EYE GAIN","DIALOG EyeGain"
12:18:34 DIAOBJ   0,11,2,7,84,85,103,"COLOR","DIALOG COLOR"
12:18:34 DIAOBJ   0,15,2,7,325,85,344,"uSTIM","DIALOG uSTIM"
12:18:34 DIAOBJ   0,17,2,7,350,85,369,"SAT","DIALOG SAT"
12:18:34 DIAPAGE 1,"TRAINING"
12:18:34 DIAPOS   1,0,-1,-1,-1,-1,110,120,344,646,1
12:18:34 DIAOBJ   1,0,2,10,448,100,468,"ESCAPE","DPOP"
12:18:34 DIAOBJ   1,1,1,10,5,100,25,"","TASK"
12:18:34 DIAOBJ   1,2,3,110,5,150,25,"","lTask"
12:18:34 DIAOBJ   1,3,5,160,5,201,25,"","lTask"
12:18:34 DIAOBJ   1,4,1,10,30,100,50,"","SET SIZE"
12:18:34 DIAOBJ   1,5,3,110,30,150,50,"","lSetSFlg"
12:18:34 DIAOBJ   1,6,5,160,30,201,50,"","lSetSFlg"
12:18:34 DIAOBJ   1,7,1,10,55,100,75,"","TRIGGER"
12:18:34 DIAOBJ   1,8,3,110,55,150,75,"","lTrig"
12:18:34 DIAOBJ   1,9,5,160,55,201,75,"","lTrig"
12:18:34 DIAOBJ   1,10,1,10,85,100,105,"","JUICE"
12:18:34 DIAOBJ   1,11,3,110,85,150,105,"","rJuice"
12:18:34 DIAOBJ   1,12,5,160,85,201,105,"","rJuice"
12:18:34 DIAOBJ   1,13,1,10,110,100,130,"","BigJuice"
12:18:34 DIAOBJ   1,14,3,110,110,150,130,"","rBigJuice"
12:18:34 DIAOBJ   1,15,5,160,110,201,130,"","rBigJuice"
12:18:34 DIAOBJ   1,16,1,10,135,100,155,"","RWD Prob"
12:18:34 DIAOBJ   1,17,3,110,135,150,155,"","rRwdProb"
12:18:34 DIAOBJ   1,18,5,160,135,201,155,"","rRwdProb"
12:18:34 DIAOBJ   1,19,1,10,165,100,185,"","ERR.POS"
12:18:34 DIAOBJ   1,20,3,110,165,150,185,"","rErrCPos"
12:18:34 DIAOBJ   1,21,5,160,165,201,185,"","rErrCPos"
12:18:34 DIAOBJ   1,22,1,10,190,100,210,"","ERR.PAIR"
12:18:34 DIAOBJ   1,23,3,110,190,150,210,"","rErrCPair"
12:18:34 DIAOBJ   1,24,5,160,190,201,210,"","rErrCPair"
12:18:34 DIAOBJ   1,25,1,10,220,100,240,"","FIX.W.SIZE"
12:18:34 DIAOBJ   1,26,3,110,220,150,240,"","eFixW"
12:18:34 DIAOBJ   1,27,5,160,220,201,240,"","eFixW"
12:18:34 DIAOBJ   1,28,1,10,245,100,265,"","FIX.SIZE"
12:18:34 DIAOBJ   1,29,3,110,245,150,265,"","iFixS"
12:18:34 DIAOBJ   1,30,5,160,245,201,265,"","iFixS"
12:18:34 DIAOBJ   1,31,1,10,270,100,290,"","TGT.W.SIZE"
12:18:34 DIAOBJ   1,32,3,110,270,150,290,"","eStmW"
12:18:34 DIAOBJ   1,33,5,160,270,201,290,"","eStmW"
12:18:34 DIAOBJ   1,34,1,10,295,100,315,"","TGT.ECC"
12:18:34 DIAOBJ   1,35,3,110,295,150,315,"","mEccy"
12:18:34 DIAOBJ   1,36,5,160,295,201,315,"","mEccy"
12:18:34 DIAOBJ   1,37,1,10,320,100,340,"","TGT.S@10"
12:18:34 DIAOBJ   1,38,3,110,320,150,340,"","eSTgt"
12:18:34 DIAOBJ   1,39,5,160,320,201,340,"","eSTgt"
12:18:34 DIAOBJ   1,40,2,114,447,204,467,"ENTER","DSET; DPOP"
12:18:34 DIAOBJ   1,41,1,5,357,113,379,"","FORCE POS"
12:18:34 DIAOBJ   1,42,3,110,354,150,374,"","posUserSet"
12:18:34 DIAOBJ   1,43,4,160,354,201,374,"","posUserSet"
12:18:34 DIAOBJ   1,44,1,7,385,83,407,"","Mouse Eye"
12:18:34 DIAOBJ   1,45,3,108,385,151,406,"","mouseeye"
12:18:34 DIAOBJ   1,46,5,160,385,201,405,"","mouseeye"
12:18:34 DIAPAGE 2,"TIME"
12:18:34 DIAPOS   2,0,-1,-1,-1,-1,110,140,330,537,2
12:18:34 DIAOBJ   2,0,2,10,334,100,354,"ESCAPE","DPOP"
12:18:34 DIAOBJ   2,1,1,10,5,100,25,"","ITI"
12:18:34 DIAOBJ   2,2,3,110,5,150,25,"","tITI"
12:18:34 DIAOBJ   2,3,5,160,5,200,25,"","tITI"
12:18:34 DIAOBJ   2,4,1,10,30,100,50,"","FIX.ACQ.T"
12:18:34 DIAOBJ   2,5,3,110,30,150,50,"","tFixAcqT"
12:18:34 DIAOBJ   2,6,5,160,30,200,50,"","tFixAcqT"
12:18:34 DIAOBJ   2,7,1,10,55,100,75,"","FIX.MTN.T"
12:18:34 DIAOBJ   2,8,3,110,55,150,75,"","tFix2Stm"
12:18:34 DIAOBJ   2,9,5,160,55,200,75,"","tFix2Stm"
12:18:34 DIAOBJ   2,10,1,10,80,100,100,"","MAX.FIX.W"
12:18:34 DIAOBJ   2,11,3,110,80,150,100,"","tMaxSacL"
12:18:34 DIAOBJ   2,12,5,160,80,200,100,"","tMaxSacL"
12:18:34 DIAOBJ   2,13,1,10,105,100,125,"","MAX.TGT.W"
12:18:34 DIAOBJ   2,14,3,110,105,150,125,"","tWaitTgt"
12:18:34 DIAOBJ   2,15,5,160,105,200,125,"","tWaitTgt"
12:18:34 DIAOBJ   2,16,1,10,130,100,150,"","MAX.CATCH"
12:18:34 DIAOBJ   2,17,3,110,130,150,150,"","tWaitCat"
12:18:34 DIAOBJ   2,18,5,160,130,200,150,"","tWaitCat"
12:18:34 DIAOBJ   2,19,1,10,155,100,175,"","HOLD.TIME"
12:18:34 DIAOBJ   2,20,3,110,155,150,175,"","tMaxHold"
12:18:34 DIAOBJ   2,21,5,160,155,200,175,"","tMaxHold"
12:18:34 DIAOBJ   2,22,1,10,180,100,200,"","EXTRA.REC"
12:18:34 DIAOBJ   2,23,3,110,180,150,200,"","tExtrRec"
12:18:34 DIAOBJ   2,24,5,160,180,200,200,"","tExtrRec"
12:18:34 DIAOBJ   2,25,1,10,205,100,225,"","PUNISH.T"
12:18:34 DIAOBJ   2,26,3,110,205,150,225,"","tPunish"
12:18:34 DIAOBJ   2,27,5,160,205,200,225,"","tPunish"
12:18:34 DIAOBJ   2,28,1,10,235,100,255,"","FIX.JIT"
12:18:34 DIAOBJ   2,29,3,110,235,150,255,"","tJitFixx"
12:18:34 DIAOBJ   2,30,5,160,235,200,255,"","tJitFixx"
12:18:34 DIAOBJ   2,31,1,10,260,100,280,"","HOLD.JIT"
12:18:34 DIAOBJ   2,32,3,110,260,150,280,"","tJitHold"
12:18:34 DIAOBJ   2,33,5,160,260,200,280,"","tJitHold"
12:18:34 DIAOBJ   2,34,1,9,289,137,311,"","NoRespPun"
12:18:34 DIAOBJ   2,35,3,110,290,150,310,"","NoRespPun"
12:18:34 DIAOBJ   2,36,5,160,290,200,310,"","NoRespPun"
12:18:34 DIAOBJ   2,46,2,110,334,200,354,"ENTER","DSET; DPOP"
12:18:34 DIAPAGE 3,"GROUPING"
12:18:34 DIAPOS   3,0,-1,-1,-1,-1,110,160,339,597,3
12:18:34 DIAOBJ   3,0,2,10,380,100,400,"ESCAPE","DPOP"
12:18:34 DIAOBJ   3,1,1,10,5,100,25,"","GRP.ON"
12:18:34 DIAOBJ   3,2,3,110,5,150,25,"","lGrpOn"
12:18:34 DIAOBJ   3,3,5,160,5,200,25,"","lGrpOn"
12:18:34 DIAOBJ   3,4,1,10,30,100,50,"","GRP.REP"
12:18:34 DIAOBJ   3,5,3,110,30,150,50,"","lGrpRep"
12:18:34 DIAOBJ   3,6,5,160,30,200,50,"","lGrpRep"
12:18:34 DIAOBJ   3,7,1,10,60,100,80,"","GRP.TGT.0"
12:18:34 DIAOBJ   3,8,3,110,60,150,80,"","iGrpTgt[0]"
12:18:34 DIAOBJ   3,9,5,160,60,200,80,"","iGrpTgt[0]"
12:18:34 DIAOBJ   3,10,1,10,85,100,105,"","GRP.TGT.1"
12:18:34 DIAOBJ   3,11,3,110,85,150,105,"","iGrpTgt[1]"
12:18:34 DIAOBJ   3,12,5,160,85,200,105,"","iGrpTgt[1]"
12:18:34 DIAOBJ   3,13,1,10,110,100,130,"","GRP.TGT.2"
12:18:34 DIAOBJ   3,14,3,110,110,150,130,"","iGrpTgt[2]"
12:18:34 DIAOBJ   3,15,5,160,110,200,130,"","iGrpTgt[2]"
12:18:34 DIAOBJ   3,16,1,10,135,100,155,"","GRP.TGT.3"
12:18:34 DIAOBJ   3,17,3,110,135,150,155,"","iGrpTgt[3]"
12:18:34 DIAOBJ   3,18,5,160,135,200,155,"","iGrpTgt[3]"
12:18:34 DIAOBJ   3,19,1,10,160,100,180,"","GRP.TGT.4"
12:18:34 DIAOBJ   3,20,3,110,160,150,180,"","iGrpTgt[4]"
12:18:34 DIAOBJ   3,21,5,160,160,200,180,"","iGrpTgt[4]"
12:18:34 DIAOBJ   3,22,1,10,185,100,205,"","GRP.TGT.5"
12:18:34 DIAOBJ   3,23,3,110,185,150,205,"","iGrpTgt[5]"
12:18:34 DIAOBJ   3,24,5,160,185,200,205,"","iGrpTgt[5]"
12:18:34 DIAOBJ   3,25,1,10,215,100,235,"","FRQ.TGT.0"
12:18:34 DIAOBJ   3,26,3,110,215,150,235,"","iFreq[0]"
12:18:34 DIAOBJ   3,27,5,160,215,200,235,"","iFreq[0]"
12:18:34 DIAOBJ   3,28,1,10,240,100,260,"","FRQ.TGT.1"
12:18:34 DIAOBJ   3,29,3,110,240,150,260,"","iFreq[1]"
12:18:34 DIAOBJ   3,30,5,160,240,200,260,"","iFreq[1]"
12:18:34 DIAOBJ   3,31,1,10,265,100,285,"","FRQ.TGT.2"
12:18:34 DIAOBJ   3,32,3,110,265,150,285,"","iFreq[2]"
12:18:34 DIAOBJ   3,33,5,160,265,200,285,"","iFreq[2]"
12:18:34 DIAOBJ   3,34,1,10,290,100,310,"","FRQ.TGT.3"
12:18:34 DIAOBJ   3,35,3,110,290,150,310,"","iFreq[3]"
12:18:34 DIAOBJ   3,36,5,160,290,200,310,"","iFreq[3]"
12:18:34 DIAOBJ   3,37,1,10,315,100,335,"","FRQ.TGT.4"
12:18:34 DIAOBJ   3,38,3,110,315,150,335,"","iFreq[4]"
12:18:34 DIAOBJ   3,39,5,160,315,200,335,"","iFreq[4]"
12:18:34 DIAOBJ   3,40,1,10,340,100,360,"","FRQ.TGT.5"
12:18:34 DIAOBJ   3,41,3,110,340,150,360,"","iFreq[5]"
12:18:34 DIAOBJ   3,42,5,160,340,200,360,"","iFreq[5]"
12:18:34 DIAOBJ   3,43,2,110,380,200,400,"ENTER","DSET; DPOP"
12:18:34 DIAPAGE 4,"TARGET0"
12:18:34 DIAPOS   4,0,-1,-1,-1,-1,110,200,340,640,4
12:18:34 DIAOBJ   4,0,2,10,380,100,400,"ESCAPE","DPOP"
12:18:34 DIAOBJ   4,1,1,10,5,100,25,"","TGT.SET"
12:18:34 DIAOBJ   4,2,3,110,5,150,25,"","iTgt[0,0]"
12:18:34 DIAOBJ   4,3,5,160,5,200,25,"","iTgt[0,0]"
12:18:34 DIAOBJ   4,4,1,10,30,100,50,"","TGT.SET"
12:18:34 DIAOBJ   4,5,3,110,30,150,50,"","iTgt[0,1]"
12:18:34 DIAOBJ   4,6,5,160,30,200,50,"","iTgt[0,1]"
12:18:34 DIAOBJ   4,7,1,10,55,100,75,"","TGT.SET"
12:18:34 DIAOBJ   4,8,3,110,55,150,75,"","iTgt[0,2]"
12:18:34 DIAOBJ   4,9,5,160,55,200,75,"","iTgt[0,2]"
12:18:34 DIAOBJ   4,10,1,10,80,100,100,"","TGT.SET"
12:18:34 DIAOBJ   4,11,3,110,80,150,100,"","iTgt[0,3]"
12:18:34 DIAOBJ   4,12,5,160,80,200,100,"","iTgt[0,3]"
12:18:34 DIAOBJ   4,13,1,10,110,100,130,"","DIST.SET"
12:18:34 DIAOBJ   4,14,3,110,110,150,130,"","iDist[0,0]"
12:18:34 DIAOBJ   4,15,5,160,110,200,130,"","iDist[0,0]"
12:18:34 DIAOBJ   4,16,1,10,135,100,155,"","DIST.SET"
12:18:34 DIAOBJ   4,17,3,110,135,150,155,"","iDist[0,1]"
12:18:34 DIAOBJ   4,18,5,160,135,200,155,"","iDist[0,1]"
12:18:34 DIAOBJ   4,19,1,10,160,100,180,"","DIST.SET"
12:18:34 DIAOBJ   4,20,3,110,160,150,180,"","iDist[0,2]"
12:18:34 DIAOBJ   4,21,5,160,160,200,180,"","iDist[0,2]"
12:18:34 DIAOBJ   4,22,1,10,185,100,205,"","DIST.SET"
12:18:34 DIAOBJ   4,23,3,110,185,150,205,"","iDist[0,3]"
12:18:34 DIAOBJ   4,24,5,160,185,200,205,"","iDist[0,3]"
12:18:34 DIAOBJ   4,25,1,10,215,100,235,"","DIST.OPT"
12:18:34 DIAOBJ   4,26,3,110,215,150,235,"","iDFlag[0]"
12:18:34 DIAOBJ   4,27,5,160,215,200,235,"","iDFlag[0]"
12:18:34 DIAOBJ   4,28,1,10,240,100,260,"","PAIR.FRQ"
12:18:34 DIAOBJ   4,29,3,110,240,150,260,"","iFreq[0]"
12:18:34 DIAOBJ   4,30,5,160,240,200,260,"","iFreq[0]"
12:18:34 DIAOBJ   4,31,1,10,265,100,285,"","CATCH.FRQ"
12:18:34 DIAOBJ   4,32,3,110,265,150,285,"","iCFreq[0]"
12:18:34 DIAOBJ   4,33,5,160,265,200,285,"","iCFreq[0]"
12:18:34 DIAOBJ   4,34,1,10,290,100,310,"","MASK.DUR"
12:18:34 DIAOBJ   4,35,3,110,290,150,310,"","iMask[0]"
12:18:34 DIAOBJ   4,36,5,160,290,200,310,"","iMask[0]"
12:18:34 DIAOBJ   4,37,1,10,315,100,335,"","SRCH.DUR"
12:18:34 DIAOBJ   4,38,3,110,315,150,335,"","iTArray[0]"
12:18:34 DIAOBJ   4,39,5,160,315,200,335,"","iTArray[0]"
12:18:34 DIAOBJ   4,40,1,10,340,100,360,"","REAPPEAR"
12:18:34 DIAOBJ   4,41,3,110,340,150,360,"","iAgain[0]"
12:18:34 DIAOBJ   4,42,5,160,340,200,360,"","iAgain[0]"
12:18:34 DIAOBJ   4,43,2,110,380,200,400,"ENTER","DSET; DPOP"
12:18:34 DIAPAGE 5,"TARGET1"
12:18:34 DIAPOS   5,0,-1,-1,-1,-1,110,225,340,665,5
12:18:34 DIAOBJ   5,0,2,10,380,100,400,"ESCAPE","DPOP"
12:18:34 DIAOBJ   5,1,1,10,5,100,25,"","TGT.SET"
12:18:34 DIAOBJ   5,2,3,110,5,150,25,"","iTgt[1,0]"
12:18:34 DIAOBJ   5,3,5,160,5,200,25,"","iTgt[1,0]"
12:18:34 DIAOBJ   5,4,1,10,30,100,50,"","TGT.SET"
12:18:34 DIAOBJ   5,5,3,110,30,150,50,"","iTgt[1,1]"
12:18:34 DIAOBJ   5,6,5,160,30,200,50,"","iTgt[1,1]"
12:18:34 DIAOBJ   5,7,1,10,55,100,75,"","TGT.SET"
12:18:34 DIAOBJ   5,8,3,110,55,150,75,"","iTgt[1,2]"
12:18:34 DIAOBJ   5,9,5,160,55,200,75,"","iTgt[1,2]"
12:18:34 DIAOBJ   5,10,1,10,80,100,100,"","TGT.SET"
12:18:34 DIAOBJ   5,11,3,110,80,150,100,"","iTgt[1,3]"
12:18:34 DIAOBJ   5,12,5,160,80,200,100,"","iTgt[1,3]"
12:18:34 DIAOBJ   5,13,1,10,110,100,130,"","DIST.SET"
12:18:34 DIAOBJ   5,14,3,110,110,150,130,"","iDist[1,0]"
12:18:34 DIAOBJ   5,15,5,160,110,200,130,"","iDist[1,0]"
12:18:34 DIAOBJ   5,16,1,10,135,100,155,"","DIST.SET"
12:18:34 DIAOBJ   5,17,3,110,135,150,155,"","iDist[1,1]"
12:18:34 DIAOBJ   5,18,5,160,135,200,155,"","iDist[1,1]"
12:18:34 DIAOBJ   5,19,1,10,160,100,180,"","DIST.SET"
12:18:34 DIAOBJ   5,20,3,110,160,150,180,"","iDist[1,2]"
12:18:34 DIAOBJ   5,21,5,160,160,200,180,"","iDist[1,2]"
12:18:34 DIAOBJ   5,22,1,10,185,100,205,"","DIST.SET"
12:18:34 DIAOBJ   5,23,3,110,185,150,205,"","iDist[1,3]"
12:18:34 DIAOBJ   5,24,5,160,185,200,205,"","iDist[1,3]"
12:18:34 DIAOBJ   5,25,1,10,215,100,235,"","DIST.OPT"
12:18:34 DIAOBJ   5,26,3,110,215,150,235,"","iDFlag[1]"
12:18:34 DIAOBJ   5,27,5,160,215,200,235,"","iDFlag[1]"
12:18:34 DIAOBJ   5,28,1,10,240,100,260,"","PAIR.FRQ"
12:18:34 DIAOBJ   5,29,3,110,240,150,260,"","iFreq[1]"
12:18:34 DIAOBJ   5,30,5,160,240,200,260,"","iFreq[1]"
12:18:34 DIAOBJ   5,31,1,10,265,100,285,"","CATCH.FRQ"
12:18:34 DIAOBJ   5,32,3,110,265,150,285,"","iCFreq[1]"
12:18:34 DIAOBJ   5,33,5,160,265,200,285,"","iCFreq[1]"
12:18:34 DIAOBJ   5,34,1,10,290,100,310,"","MASK.DUR"
12:18:34 DIAOBJ   5,35,3,110,290,150,310,"","iMask[1]"
12:18:34 DIAOBJ   5,36,5,160,290,200,310,"","iMask[1]"
12:18:34 DIAOBJ   5,37,1,10,315,100,335,"","SRCH.DUR"
12:18:34 DIAOBJ   5,38,3,110,315,150,335,"","iTArray[1]"
12:18:34 DIAOBJ   5,39,5,160,315,200,335,"","iTArray[1]"
12:18:34 DIAOBJ   5,40,1,10,340,100,360,"","REAPPEAR"
12:18:34 DIAOBJ   5,41,3,110,340,150,360,"","iAgain[1]"
12:18:34 DIAOBJ   5,42,5,160,340,200,360,"","iAgain[1]"
12:18:34 DIAOBJ   5,43,2,110,380,200,400,"ENTER","DSET; DPOP"
12:18:34 DIAPAGE 6,"TARGET2"
12:18:34 DIAPOS   6,0,-1,-1,-1,-1,110,250,340,690,6
12:18:34 DIAOBJ   6,0,2,10,380,100,400,"ESCAPE","DPOP"
12:18:34 DIAOBJ   6,1,1,10,5,100,25,"","TGT.SET"
12:18:34 DIAOBJ   6,2,3,110,5,150,25,"","iTgt[2,0]"
12:18:34 DIAOBJ   6,3,5,160,5,200,25,"","iTgt[2,0]"
12:18:34 DIAOBJ   6,4,1,10,30,100,50,"","TGT.SET"
12:18:34 DIAOBJ   6,5,3,110,30,150,50,"","iTgt[2,1]"
12:18:34 DIAOBJ   6,6,5,160,30,200,50,"","iTgt[2,1]"
12:18:34 DIAOBJ   6,7,1,10,55,100,75,"","TGT.SET"
12:18:34 DIAOBJ   6,8,3,110,55,150,75,"","iTgt[2,2]"
12:18:34 DIAOBJ   6,9,5,160,55,200,75,"","iTgt[2,2]"
12:18:34 DIAOBJ   6,10,1,10,80,100,100,"","TGT.SET"
12:18:34 DIAOBJ   6,11,3,110,80,150,100,"","iTgt[2,3]"
12:18:34 DIAOBJ   6,12,5,160,80,200,100,"","iTgt[2,3]"
12:18:34 DIAOBJ   6,13,1,10,110,100,130,"","DIST.SET"
12:18:34 DIAOBJ   6,14,3,110,110,150,130,"","iDist[2,0]"
12:18:34 DIAOBJ   6,15,5,160,110,200,130,"","iDist[2,0]"
12:18:34 DIAOBJ   6,16,1,10,135,100,155,"","DIST.SET"
12:18:34 DIAOBJ   6,17,3,110,135,150,155,"","iDist[2,1]"
12:18:34 DIAOBJ   6,18,5,160,135,200,155,"","iDist[2,1]"
12:18:34 DIAOBJ   6,19,1,10,160,100,180,"","DIST.SET"
12:18:34 DIAOBJ   6,20,3,110,160,150,180,"","iDist[2,2]"
12:18:34 DIAOBJ   6,21,5,160,160,200,180,"","iDist[2,2]"
12:18:34 DIAOBJ   6,22,1,10,185,100,205,"","DIST.SET"
12:18:34 DIAOBJ   6,23,3,110,185,150,205,"","iDist[2,3]"
12:18:34 DIAOBJ   6,24,5,160,185,200,205,"","iDist[2,3]"
12:18:34 DIAOBJ   6,25,1,10,215,100,235,"","DIST.OPT"
12:18:34 DIAOBJ   6,26,3,110,215,150,235,"","iDFlag[2]"
12:18:34 DIAOBJ   6,27,5,160,215,200,235,"","iDFlag[2]"
12:18:34 DIAOBJ   6,28,1,10,240,100,260,"","PAIR.FRQ"
12:18:34 DIAOBJ   6,29,3,110,240,150,260,"","iFreq[2]"
12:18:34 DIAOBJ   6,30,5,160,240,200,260,"","iFreq[2]"
12:18:34 DIAOBJ   6,31,1,10,265,100,285,"","CATCH.FRQ"
12:18:34 DIAOBJ   6,32,3,110,265,150,285,"","iCFreq[2]"
12:18:34 DIAOBJ   6,33,5,160,265,200,285,"","iCFreq[2]"
12:18:34 DIAOBJ   6,34,1,10,290,100,310,"","MASK.DUR"
12:18:34 DIAOBJ   6,35,3,110,290,150,310,"","iMask[2]"
12:18:34 DIAOBJ   6,36,5,160,290,200,310,"","iMask[2]"
12:18:34 DIAOBJ   6,37,1,10,315,100,335,"","SRCH.DUR"
12:18:34 DIAOBJ   6,38,3,110,315,150,335,"","iTArray[2]"
12:18:34 DIAOBJ   6,39,5,160,315,200,335,"","iTArray[2]"
12:18:34 DIAOBJ   6,40,1,10,340,100,360,"","REAPPEAR"
12:18:34 DIAOBJ   6,41,3,110,340,150,360,"","iAgain[2]"
12:18:34 DIAOBJ   6,42,5,160,340,200,360,"","iAgain[2]"
12:18:34 DIAOBJ   6,43,2,110,380,200,400,"ENTER","DSET; DPOP"
12:18:34 DIAPAGE 7,"TARGET3"
12:18:34 DIAPOS   7,0,-1,-1,-1,-1,110,275,340,715,7
12:18:34 DIAOBJ   7,0,2,10,380,100,400,"ESCAPE","DPOP"
12:18:34 DIAOBJ   7,1,1,10,5,100,25,"","TGT.SET"
12:18:34 DIAOBJ   7,2,3,110,5,150,25,"","iTgt[3,0]"
12:18:34 DIAOBJ   7,3,5,160,5,200,25,"","iTgt[3,0]"
12:18:34 DIAOBJ   7,4,1,10,30,100,50,"","TGT.SET"
12:18:34 DIAOBJ   7,5,3,110,30,150,50,"","iTgt[3,1]"
12:18:34 DIAOBJ   7,6,5,160,30,200,50,"","iTgt[3,1]"
12:18:34 DIAOBJ   7,7,1,10,55,100,75,"","TGT.SET"
12:18:34 DIAOBJ   7,8,3,110,55,150,75,"","iTgt[3,2]"
12:18:34 DIAOBJ   7,9,5,160,55,200,75,"","iTgt[3,2]"
12:18:34 DIAOBJ   7,10,1,10,80,100,100,"","TGT.SET"
12:18:34 DIAOBJ   7,11,3,110,80,150,100,"","iTgt[3,3]"
12:18:34 DIAOBJ   7,12,5,160,80,200,100,"","iTgt[3,3]"
12:18:34 DIAOBJ   7,13,1,10,110,100,130,"","DIST.SET"
12:18:34 DIAOBJ   7,14,3,110,110,150,130,"","iDist[3,0]"
12:18:34 DIAOBJ   7,15,5,160,110,200,130,"","iDist[3,0]"
12:18:34 DIAOBJ   7,16,1,10,135,100,155,"","DIST.SET"
12:18:34 DIAOBJ   7,17,3,110,135,150,155,"","iDist[3,1]"
12:18:34 DIAOBJ   7,18,5,160,135,200,155,"","iDist[3,1]"
12:18:34 DIAOBJ   7,19,1,10,160,100,180,"","DIST.SET"
12:18:34 DIAOBJ   7,20,3,110,160,150,180,"","iDist[3,2]"
12:18:34 DIAOBJ   7,21,5,160,160,200,180,"","iDist[3,2]"
12:18:34 DIAOBJ   7,22,1,10,185,100,205,"","DIST.SET"
12:18:34 DIAOBJ   7,23,3,110,185,150,205,"","iDist[3,3]"
12:18:34 DIAOBJ   7,24,5,160,185,200,205,"","iDist[3,3]"
12:18:34 DIAOBJ   7,25,1,10,215,100,235,"","DIST.OPT"
12:18:34 DIAOBJ   7,26,3,110,215,150,235,"","iDFlag[3]"
12:18:34 DIAOBJ   7,27,5,160,215,200,235,"","iDFlag[3]"
12:18:34 DIAOBJ   7,28,1,10,240,100,260,"","PAIR.FRQ"
12:18:34 DIAOBJ   7,29,3,110,240,150,260,"","iFreq[3]"
12:18:34 DIAOBJ   7,30,5,160,240,200,260,"","iFreq[3]"
12:18:34 DIAOBJ   7,31,1,10,265,100,285,"","CATCH.FRQ"
12:18:34 DIAOBJ   7,32,3,110,265,150,285,"","iCFreq[3]"
12:18:34 DIAOBJ   7,33,5,160,265,200,285,"","iCFreq[3]"
12:18:34 DIAOBJ   7,34,1,10,290,100,310,"","MASK.DUR"
12:18:34 DIAOBJ   7,35,3,110,290,150,310,"","iMask[3]"
12:18:34 DIAOBJ   7,36,5,160,290,200,310,"","iMask[3]"
12:18:34 DIAOBJ   7,37,1,10,315,100,335,"","SRCH.DUR"
12:18:34 DIAOBJ   7,38,3,110,315,150,335,"","iTArray[3]"
12:18:34 DIAOBJ   7,39,5,160,315,200,335,"","iTArray[3]"
12:18:34 DIAOBJ   7,40,1,10,340,100,360,"","REAPPEAR"
12:18:34 DIAOBJ   7,41,3,110,340,150,360,"","iAgain[3]"
12:18:34 DIAOBJ   7,42,5,160,340,200,360,"","iAgain[3]"
12:18:34 DIAOBJ   7,43,2,110,380,200,400,"ENTER","DSET; DPOP"
12:18:34 DIAPAGE 8,"TARGET4"
12:18:34 DIAPOS   8,0,-1,-1,-1,-1,110,300,340,740,8
12:18:34 DIAOBJ   8,0,2,10,380,100,400,"ESCAPE","DPOP"
12:18:34 DIAOBJ   8,1,1,10,5,100,25,"","TGT.SET"
12:18:34 DIAOBJ   8,2,3,110,5,150,25,"","iTgt[4,0]"
12:18:34 DIAOBJ   8,3,5,160,5,200,25,"","iTgt[4,0]"
12:18:34 DIAOBJ   8,4,1,10,30,100,50,"","TGT.SET"
12:18:34 DIAOBJ   8,5,3,110,30,150,50,"","iTgt[4,1]"
12:18:34 DIAOBJ   8,6,5,160,30,200,50,"","iTgt[4,1]"
12:18:34 DIAOBJ   8,7,1,10,55,100,75,"","TGT.SET"
12:18:34 DIAOBJ   8,8,3,110,55,150,75,"","iTgt[4,2]"
12:18:34 DIAOBJ   8,9,5,160,55,200,75,"","iTgt[4,2]"
12:18:34 DIAOBJ   8,10,1,10,80,100,100,"","TGT.SET"
12:18:34 DIAOBJ   8,11,3,110,80,150,100,"","iTgt[4,3]"
12:18:34 DIAOBJ   8,12,5,160,80,200,100,"","iTgt[4,3]"
12:18:34 DIAOBJ   8,13,1,10,110,100,130,"","DIST.SET"
12:18:34 DIAOBJ   8,14,3,110,110,150,130,"","iDist[4,0]"
12:18:34 DIAOBJ   8,15,5,160,110,200,130,"","iDist[4,0]"
12:18:34 DIAOBJ   8,16,1,10,135,100,155,"","DIST.SET"
12:18:34 DIAOBJ   8,17,3,110,135,150,155,"","iDist[4,1]"
12:18:34 DIAOBJ   8,18,5,160,135,200,155,"","iDist[4,1]"
12:18:34 DIAOBJ   8,19,1,10,160,100,180,"","DIST.SET"
12:18:34 DIAOBJ   8,20,3,110,160,150,180,"","iDist[4,2]"
12:18:34 DIAOBJ   8,21,5,160,160,200,180,"","iDist[4,2]"
12:18:34 DIAOBJ   8,22,1,10,185,100,205,"","DIST.SET"
12:18:34 DIAOBJ   8,23,3,110,185,150,205,"","iDist[4,3]"
12:18:34 DIAOBJ   8,24,5,160,185,200,205,"","iDist[4,3]"
12:18:34 DIAOBJ   8,25,1,10,215,100,235,"","DIST.OPT"
12:18:34 DIAOBJ   8,26,3,110,215,150,235,"","iDFlag[4]"
12:18:34 DIAOBJ   8,27,5,160,215,200,235,"","iDFlag[4]"
12:18:34 DIAOBJ   8,28,1,10,240,100,260,"","PAIR.FRQ"
12:18:34 DIAOBJ   8,29,3,110,240,150,260,"","iFreq[4]"
12:18:34 DIAOBJ   8,30,5,160,240,200,260,"","iFreq[4]"
12:18:34 DIAOBJ   8,31,1,10,265,100,285,"","CATCH.FRQ"
12:18:34 DIAOBJ   8,32,3,110,265,150,285,"","iCFreq[4]"
12:18:34 DIAOBJ   8,33,5,160,265,200,285,"","iCFreq[4]"
12:18:34 DIAOBJ   8,34,1,10,290,100,310,"","MASK.DUR"
12:18:34 DIAOBJ   8,35,3,110,290,150,310,"","iMask[4]"
12:18:34 DIAOBJ   8,36,5,160,290,200,310,"","iMask[4]"
12:18:34 DIAOBJ   8,37,1,10,315,100,335,"","SRCH.DUR"
12:18:34 DIAOBJ   8,38,3,110,315,150,335,"","iTArray[4]"
12:18:34 DIAOBJ   8,39,5,160,315,200,335,"","iTArray[4]"
12:18:34 DIAOBJ   8,40,1,10,340,100,360,"","REAPPEAR"
12:18:34 DIAOBJ   8,41,3,110,340,150,360,"","iAgain[4]"
12:18:34 DIAOBJ   8,42,5,160,340,200,360,"","iAgain[4]"
12:18:34 DIAOBJ   8,43,2,110,380,200,400,"ENTER","DSET; DPOP"
12:18:34 DIAPAGE 9,"TARGET5"
12:18:34 DIAPOS   9,0,-1,-1,-1,-1,110,325,340,765,9
12:18:34 DIAOBJ   9,0,2,10,380,100,400,"ESCAPE","DPOP"
12:18:34 DIAOBJ   9,1,1,10,5,100,25,"","TGT.SET"
12:18:34 DIAOBJ   9,2,3,110,5,150,25,"","iTgt[5,0]"
12:18:34 DIAOBJ   9,3,5,160,5,200,25,"","iTgt[5,0]"
12:18:34 DIAOBJ   9,4,1,10,30,100,50,"","TGT.SET"
12:18:34 DIAOBJ   9,5,3,110,30,150,50,"","iTgt[5,1]"
12:18:34 DIAOBJ   9,6,5,160,30,200,50,"","iTgt[5,1]"
12:18:34 DIAOBJ   9,7,1,10,55,100,75,"","TGT.SET"
12:18:34 DIAOBJ   9,8,3,110,55,150,75,"","iTgt[5,2]"
12:18:34 DIAOBJ   9,9,5,160,55,200,75,"","iTgt[5,2]"
12:18:34 DIAOBJ   9,10,1,10,80,100,100,"","TGT.SET"
12:18:34 DIAOBJ   9,11,3,110,80,150,100,"","iTgt[5,3]"
12:18:34 DIAOBJ   9,12,5,160,80,200,100,"","iTgt[5,3]"
12:18:34 DIAOBJ   9,13,1,10,110,100,130,"","DIST.SET"
12:18:34 DIAOBJ   9,14,3,110,110,150,130,"","iDist[5,0]"
12:18:34 DIAOBJ   9,15,5,160,110,200,130,"","iDist[5,0]"
12:18:34 DIAOBJ   9,16,1,10,135,100,155,"","DIST.SET"
12:18:34 DIAOBJ   9,17,3,110,135,150,155,"","iDist[5,1]"
12:18:34 DIAOBJ   9,18,5,160,135,200,155,"","iDist[5,1]"
12:18:34 DIAOBJ   9,19,1,10,160,100,180,"","DIST.SET"
12:18:34 DIAOBJ   9,20,3,110,160,150,180,"","iDist[5,2]"
12:18:34 DIAOBJ   9,21,5,160,160,200,180,"","iDist[5,2]"
12:18:34 DIAOBJ   9,22,1,10,185,100,205,"","DIST.SET"
12:18:34 DIAOBJ   9,23,3,110,185,150,205,"","iDist[5,3]"
12:18:34 DIAOBJ   9,24,5,160,185,200,205,"","iDist[5,3]"
12:18:34 DIAOBJ   9,25,1,10,215,100,235,"","DIST.OPT"
12:18:34 DIAOBJ   9,26,3,110,215,150,235,"","iDFlag[5]"
12:18:34 DIAOBJ   9,27,5,160,215,200,235,"","iDFlag[5]"
12:18:34 DIAOBJ   9,28,1,10,240,100,260,"","PAIR.FRQ"
12:18:34 DIAOBJ   9,29,3,110,240,150,260,"","iFreq[5]"
12:18:34 DIAOBJ   9,30,5,160,240,200,260,"","iFreq[5]"
12:18:34 DIAOBJ   9,31,1,10,265,100,285,"","CATCH.FRQ"
12:18:34 DIAOBJ   9,32,3,110,265,150,285,"","iCFreq[5]"
12:18:34 DIAOBJ   9,33,5,160,265,200,285,"","iCFreq[5]"
12:18:34 DIAOBJ   9,34,1,10,290,100,310,"","MASK.DUR"
12:18:34 DIAOBJ   9,35,3,110,290,150,310,"","iMask[5]"
12:18:34 DIAOBJ   9,36,5,160,290,200,310,"","iMask[5]"
12:18:34 DIAOBJ   9,37,1,10,315,100,335,"","SRCH.DUR"
12:18:34 DIAOBJ   9,38,3,110,315,150,335,"","iTArray[5]"
12:18:34 DIAOBJ   9,39,5,160,315,200,335,"","iTArray[5]"
12:18:34 DIAOBJ   9,40,1,10,340,100,360,"","REAPPEAR"
12:18:34 DIAOBJ   9,41,3,110,340,150,360,"","iAgain[5]"
12:18:34 DIAOBJ   9,42,5,160,340,200,360,"","iAgain[5]"
12:18:34 DIAOBJ   9,43,2,110,380,200,400,"ENTER","DSET; DPOP"
12:18:34 DIAPAGE 10,"SAT"
12:18:34 DIAPOS   10,0,-1,-1,-1,-1,116,87,483,828,10
12:18:34 DIAOBJ   10,0,2,95,679,159,701,"ENTER","DSET; DPOP"
12:18:34 DIAOBJ   10,1,2,11,679,75,701,"ESCAPE","DPOP"
12:18:34 DIAOBJ   10,2,1,9,80,113,102,"","Color/Cond"
12:18:34 DIAOBJ   10,3,3,165,80,216,101,"","SAT_condSet"
12:18:34 DIAOBJ   10,4,5,258,80,310,101,"","SAT_condSet"
12:18:34 DIAOBJ   10,5,4,258,328,310,349,"","prct"
12:18:34 DIAOBJ   10,8,1,9,131,145,149,"","mean RT / ACC Slow"
12:18:34 DIAOBJ   10,9,3,189,131,240,152,"","RT_slow"
12:18:34 DIAOBJ   10,10,1,9,161,145,179,"","mean RT / ACC Med"
12:18:34 DIAOBJ   10,11,3,189,161,240,182,"","RT_med"
12:18:34 DIAOBJ   10,12,1,9,187,145,205,"","mean RT / ACC Fast"
12:18:34 DIAOBJ   10,13,3,189,187,240,208,"","RT_fast"
12:18:34 DIAOBJ   10,14,1,9,471,87,493,"","cutoff Slow"
12:18:34 DIAOBJ   10,15,3,165,471,216,492,"","SAT_slow"
12:18:34 DIAOBJ   10,16,5,258,471,310,492,"","SAT_slow"
12:18:34 DIAOBJ   10,17,1,9,500,87,522,"","cutoff Med"
12:18:34 DIAOBJ   10,18,3,165,500,216,521,"","SAT_med"
12:18:34 DIAOBJ   10,19,5,258,500,310,521,"","SAT_med"
12:18:34 DIAOBJ   10,20,1,9,533,87,555,"","cutoff Fast"
12:18:34 DIAOBJ   10,21,3,165,533,216,554,"","SAT_fast"
12:18:34 DIAOBJ   10,22,5,258,533,310,554,"","SAT_fast"
12:18:34 DIAOBJ   10,23,1,9,227,137,249,"","# Valid Trls Slow"
12:18:34 DIAOBJ   10,24,3,165,227,216,248,"","n_slow"
12:18:34 DIAOBJ   10,25,1,9,252,137,274,"","# Valid Trls Med"
12:18:34 DIAOBJ   10,26,3,165,252,216,273,"","n_med"
12:18:34 DIAOBJ   10,27,1,9,278,137,300,"","# Valid Trls Fast"
12:18:34 DIAOBJ   10,28,3,165,278,216,299,"","n_fast"
12:18:34 DIAOBJ   10,29,1,4,10,360,32,"","1 = White (Slow)     2 = Red (Med)    3 = Green (Fast)"
12:18:34 DIAOBJ   10,30,1,9,577,97,598,"","Reward Slow"
12:18:34 DIAOBJ   10,31,3,165,577,216,598,"","rwd_slow"
12:18:34 DIAOBJ   10,32,5,258,577,310,598,"","rwd_slow"
12:18:34 DIAOBJ   10,33,1,9,607,97,628,"","Reward Med"
12:18:34 DIAOBJ   10,34,3,165,607,216,628,"","rwd_med"
12:18:34 DIAOBJ   10,35,5,258,607,310,628,"","rwd_med"
12:18:34 DIAOBJ   10,36,1,9,639,97,660,"","Reward Fast"
12:18:34 DIAOBJ   10,37,3,165,639,216,660,"","rwd_fast"
12:18:34 DIAOBJ   10,38,5,258,639,310,660,"","rwd_fast"
12:18:34 DIAOBJ   10,39,3,259,131,314,151,"","ACC_slow"
12:18:34 DIAOBJ   10,40,3,259,161,314,181,"","ACC_med"
12:18:34 DIAOBJ   10,41,3,259,187,314,207,"","ACC_fast"
12:18:34 DIAOBJ   10,42,1,9,328,137,350,"","RT Percentile"
12:18:34 DIAOBJ   10,43,3,165,328,216,349,"","prct"
12:18:34 DIAOBJ   10,45,1,29,360,116,380,"","Prctile Slow"
12:18:34 DIAOBJ   10,46,1,29,387,116,407,"","Prctile Med"
12:18:34 DIAOBJ   10,47,1,29,414,116,434,"","Prctile Fast"
12:18:34 DIAOBJ   10,48,3,165,360,216,381,"","prct_s"
12:18:34 DIAOBJ   10,49,3,165,387,216,408,"","prct_m"
12:18:34 DIAOBJ   10,50,3,165,414,216,435,"","prct_f"
12:18:34 DIAOBJ   10,51,1,4,30,132,52,"","0 = Randomize"
12:18:34 DIAPAGE 11,"ACC_POS"
12:18:34 DIAPOS   11,0,-1,-1,-1,-1,110,365,340,695,11
12:18:34 DIAOBJ   11,0,2,10,275,100,295,"ESCAPE","DPOP"
12:18:34 DIAOBJ   11,1,1,10,5,100,25,"","POS #"
12:18:34 DIAOBJ   11,2,1,110,5,150,25,"","SUCC"
12:18:34 DIAOBJ   11,3,1,160,5,200,25,"","    FAIL"
12:18:34 DIAOBJ   11,4,1,10,30,100,50,"","POS 0"
12:18:34 DIAOBJ   11,5,3,90,30,130,50,"","cPSucc[0]"
12:18:34 DIAOBJ   11,6,3,160,30,200,50,"","cPFail[0]"
12:18:34 DIAOBJ   11,7,1,10,55,100,75,"","POS 1"
12:18:34 DIAOBJ   11,8,3,90,55,130,75,"","cPSucc[1]"
12:18:34 DIAOBJ   11,9,3,160,55,200,75,"","cPFail[1]"
12:18:34 DIAOBJ   11,10,1,10,80,100,100,"","POS 2"
12:18:34 DIAOBJ   11,11,3,90,80,130,100,"","cPSucc[2]"
12:18:34 DIAOBJ   11,12,3,160,80,200,100,"","cPFail[2]"
12:18:34 DIAOBJ   11,13,1,10,105,100,125,"","POS 3"
12:18:34 DIAOBJ   11,14,3,90,105,130,125,"","cPSucc[3]"
12:18:34 DIAOBJ   11,15,3,160,105,200,125,"","cPFail[3]"
12:18:34 DIAOBJ   11,16,1,10,130,100,150,"","POS 4"
12:18:34 DIAOBJ   11,17,3,90,130,130,150,"","cPSucc[4]"
12:18:34 DIAOBJ   11,18,3,160,130,200,150,"","cPFail[4]"
12:18:34 DIAOBJ   11,19,1,10,155,100,175,"","POS 5"
12:18:34 DIAOBJ   11,20,3,90,155,130,175,"","cPSucc[5]"
12:18:34 DIAOBJ   11,21,3,160,155,200,175,"","cPFail[5]"
12:18:34 DIAOBJ   11,22,1,10,180,100,200,"","POS 6"
12:18:34 DIAOBJ   11,23,3,90,180,130,200,"","cPSucc[6]"
12:18:34 DIAOBJ   11,24,3,160,180,200,200,"","cPFail[6]"
12:18:34 DIAOBJ   11,25,1,10,205,100,225,"","POS 7"
12:18:34 DIAOBJ   11,26,3,90,205,130,225,"","cPSucc[7]"
12:18:34 DIAOBJ   11,27,3,160,205,200,225,"","cPFail[7]"
12:18:34 DIAOBJ   11,28,1,10,230,100,250,"","CATCH"
12:18:34 DIAOBJ   11,29,3,90,230,130,250,"","cPSucc[8]"
12:18:34 DIAOBJ   11,30,3,160,230,200,250,"","cPFail[8]"
12:18:34 DIAPAGE 12,"ACC_PAIR"
12:18:34 DIAPOS   12,0,-1,-1,-1,-1,110,390,340,645,12
12:18:34 DIAOBJ   12,0,2,10,200,100,220,"ESCAPE","DPOP"
12:18:34 DIAOBJ   12,1,1,10,5,100,25,"","PAIR #"
12:18:34 DIAOBJ   12,2,1,110,5,150,25,"","SUCC"
12:18:34 DIAOBJ   12,3,1,160,5,200,25,"","    FAIL"
12:18:34 DIAOBJ   12,4,1,10,30,100,50,"","PAIR 0"
12:18:34 DIAOBJ   12,5,3,90,30,130,50,"","cTSucc[0]"
12:18:34 DIAOBJ   12,6,3,160,30,200,50,"","cTFail[0]"
12:18:34 DIAOBJ   12,7,1,10,55,100,75,"","PAIR 1"
12:18:34 DIAOBJ   12,8,3,90,55,130,75,"","cTSucc[1]"
12:18:34 DIAOBJ   12,9,3,160,55,200,75,"","cTFail[1]"
12:18:34 DIAOBJ   12,10,1,10,80,100,100,"","PAIR 2"
12:18:34 DIAOBJ   12,11,3,90,80,130,100,"","cTSucc[2]"
12:18:34 DIAOBJ   12,12,3,160,80,200,100,"","cTFail[2]"
12:18:34 DIAOBJ   12,13,1,10,105,100,125,"","PAIR 3"
12:18:34 DIAOBJ   12,14,3,90,105,130,125,"","cTSucc[3]"
12:18:34 DIAOBJ   12,15,3,160,105,200,125,"","cTFail[3]"
12:18:34 DIAOBJ   12,16,1,10,130,100,150,"","PAIR 4"
12:18:34 DIAOBJ   12,17,3,90,130,130,150,"","cTSucc[4]"
12:18:34 DIAOBJ   12,18,3,160,130,200,150,"","cTFail[4]"
12:18:34 DIAOBJ   12,19,1,10,155,100,175,"","PAIR 5"
12:18:34 DIAOBJ   12,20,3,90,155,130,175,"","cTSucc[5]"
12:18:34 DIAOBJ   12,21,3,160,155,200,175,"","cTFail[5]"
12:18:34 DIAPAGE 13,"RT_POS"
12:18:34 DIAPOS   13,0,-1,-1,-1,-1,110,415,340,725,13
12:18:34 DIAOBJ   13,0,2,10,255,100,275,"ESCAPE","DPOP"
12:18:34 DIAOBJ   13,1,1,10,5,100,25,"","POS #"
12:18:34 DIAOBJ   13,2,1,100,5,200,25,"","LATENCY(ms)"
12:18:34 DIAOBJ   13,3,1,10,30,100,50,"","POS 0"
12:18:34 DIAOBJ   13,4,3,160,30,200,50,"","cPSL[0]"
12:18:34 DIAOBJ   13,5,1,10,55,100,75,"","POS 1"
12:18:34 DIAOBJ   13,6,3,160,55,200,75,"","cPSL[1]"
12:18:34 DIAOBJ   13,7,1,10,80,100,100,"","POS 2"
12:18:34 DIAOBJ   13,8,3,160,80,200,100,"","cPSL[2]"
12:18:34 DIAOBJ   13,9,1,10,105,100,125,"","POS 3"
12:18:34 DIAOBJ   13,10,3,160,105,200,125,"","cPSL[3]"
12:18:34 DIAOBJ   13,11,1,10,130,100,150,"","POS 4"
12:18:34 DIAOBJ   13,12,3,160,130,200,150,"","cPSL[4]"
12:18:34 DIAOBJ   13,13,1,10,155,100,175,"","POS 5"
12:18:34 DIAOBJ   13,14,3,160,155,200,175,"","cPSL[5]"
12:18:34 DIAOBJ   13,15,1,10,180,100,200,"","POS 6"
12:18:34 DIAOBJ   13,16,3,160,180,200,200,"","cPSL[6]"
12:18:34 DIAOBJ   13,17,1,10,205,100,225,"","POS 7"
12:18:34 DIAOBJ   13,18,3,160,205,200,225,"","cPSL[7]"
12:18:34 DIAPAGE 14,"RT_PAIR"
12:18:34 DIAPOS   14,0,-1,-1,-1,-1,110,440,340,695,14
12:18:34 DIAOBJ   14,0,2,10,200,100,220,"ESCAPE","DPOP"
12:18:34 DIAOBJ   14,1,1,10,5,100,25,"","PAIR #"
12:18:34 DIAOBJ   14,2,1,100,5,200,25,"","LATENCY(ms)"
12:18:34 DIAOBJ   14,3,1,10,30,100,50,"","PAIR 0"
12:18:34 DIAOBJ   14,4,3,160,30,200,50,"","cTSL[0]"
12:18:34 DIAOBJ   14,5,1,10,55,100,75,"","PAIR 1"
12:18:34 DIAOBJ   14,6,3,160,55,200,75,"","cTSL[1]"
12:18:34 DIAOBJ   14,7,1,10,80,100,100,"","PAIR 2"
12:18:34 DIAOBJ   14,8,3,160,80,200,100,"","cTSL[2]"
12:18:34 DIAOBJ   14,9,1,10,105,100,125,"","PAIR 3"
12:18:34 DIAOBJ   14,10,3,160,105,200,125,"","cTSL[3]"
12:18:34 DIAOBJ   14,11,1,10,130,100,150,"","PAIR 4"
12:18:34 DIAOBJ   14,12,3,160,130,200,150,"","cTSL[4]"
12:18:34 DIAOBJ   14,13,1,10,155,100,175,"","PAIR 5"
12:18:34 DIAOBJ   14,14,3,160,155,200,175,"","cTSL[5]"
12:18:34 DIAPAGE 15,"SET_SIZE"
12:18:34 DIAPOS   15,0,-1,-1,-1,-1,110,465,340,745,15
12:18:34 DIAOBJ   15,0,2,10,225,100,245,"ESCAPE","DPOP"
12:18:34 DIAOBJ   15,1,1,10,5,100,25,"","SET.SIZE"
12:18:34 DIAOBJ   15,2,1,110,5,150,25,"","SUCC"
12:18:34 DIAOBJ   15,3,1,160,5,200,25,"","   FAIL"
12:18:34 DIAOBJ   15,4,1,10,30,100,50,"","SIZE 2"
12:18:34 DIAOBJ   15,5,3,90,30,130,50,"","cSetSucc[0]"
12:18:34 DIAOBJ   15,6,3,160,30,200,50,"","cSetFail[0]"
12:18:34 DIAOBJ   15,7,1,10,55,100,75,"","SIZE 4"
12:18:34 DIAOBJ   15,8,3,90,55,130,75,"","cSetSucc[1]"
12:18:34 DIAOBJ   15,9,3,160,55,200,75,"","cSetFail[1]"
12:18:34 DIAOBJ   15,10,1,10,80,100,100,"","SIZE 8"
12:18:34 DIAOBJ   15,11,3,90,80,130,100,"","cSetSucc[2]"
12:18:34 DIAOBJ   15,12,3,160,80,200,100,"","cSetFail[2]"
12:18:34 DIAOBJ   15,13,1,100,105,200,125,"","LATENCY(ms)"
12:18:34 DIAOBJ   15,14,1,10,130,100,150,"","SIZE 2"
12:18:34 DIAOBJ   15,15,3,160,130,200,150,"","cSetSL[0]"
12:18:34 DIAOBJ   15,16,1,10,155,100,175,"","SIZE 4"
12:18:34 DIAOBJ   15,17,3,160,155,200,175,"","cSetSL[1]"
12:18:34 DIAOBJ   15,18,1,10,180,100,200,"","SIZE 8"
12:18:34 DIAOBJ   15,19,3,160,180,200,200,"","cSetSL[2]"
12:18:34 DIAPAGE 16,"uSTIM"
12:18:34 DIAPOS   16,0,-1,-1,-1,-1,125,444,417,676,16
12:18:34 DIAOBJ   16,0,2,10,158,100,178,"ESCAPE","DPOP"
12:18:34 DIAOBJ   16,1,2,110,158,200,178,"ENTER","DSET; DPOP"
12:18:34 DIAOBJ   16,2,1,10,10,100,25,"","uStim Prob"
12:18:34 DIAOBJ   16,3,3,148,10,188,25,"","mStimProb"
12:18:34 DIAOBJ   16,4,5,199,10,242,31,"","mStimProb"
12:18:34 DIAOBJ   16,5,1,10,44,100,59,"","uStim Dur"
12:18:34 DIAOBJ   16,6,3,148,44,188,59,"","mStimDur"
12:18:34 DIAOBJ   16,7,5,199,44,242,65,"","mStimDur"
12:18:34 DIAOBJ   16,8,1,10,78,100,93,"","uStim Delay"
12:18:34 DIAOBJ   16,9,3,148,78,188,93,"","mStimDelay"
12:18:34 DIAOBJ   16,10,5,199,78,242,99,"","mStimDelay"
12:18:34 DIAOBJ   16,11,1,10,112,100,127,"","StimAfterJuice"
12:18:34 DIAOBJ   16,12,3,148,112,188,127,"","StimAfterJuice"
12:18:34 DIAOBJ   16,13,5,199,112,242,133,"","StimAfterJuice"
12:18:34 DIAPAGE 17,"EyeGain"
12:18:34 DIAPOS   17,0,-1,-1,-1,-1,123,389,354,603,17
12:18:34 DIAOBJ   17,0,2,87,149,151,171,"ENTER","DSET; DPOP"
12:18:34 DIAOBJ   17,1,2,3,149,67,171,"ESCAPE","DPOP"
12:18:34 DIAOBJ   17,2,1,4,13,62,38,"","X Gain"
12:18:34 DIAOBJ   17,3,1,4,42,62,67,"","Y Gain"
12:18:34 DIAOBJ   17,4,1,4,76,62,101,"","XYF"
12:18:34 DIAOBJ   17,5,1,4,111,62,136,"","YXF"
12:18:34 DIAOBJ   17,6,3,69,13,120,38,"","XGAIN"
12:18:34 DIAOBJ   17,7,3,69,42,120,67,"","YGAIN"
12:18:34 DIAOBJ   17,8,3,69,76,120,101,"","XYF"
12:18:34 DIAOBJ   17,9,3,69,111,120,136,"","YXF"
12:18:34 DIAOBJ   17,10,4,137,13,193,33,"","XGAIN"
12:18:34 DIAOBJ   17,11,4,137,42,193,62,"","YGAIN"
12:18:34 DIAOBJ   17,12,5,137,76,193,96,"","XYF"
12:18:34 DIAOBJ   17,13,4,137,111,193,131,"","YXF"
12:18:34 DIAPAGE 18,"COLOR"
12:18:34 DIAPOS   18,0,-1,-1,-1,-1,110,214,639,459,18
12:18:34 DIAOBJ   18,0,2,95,174,159,196,"ENTER","DSET; DPOP"
12:18:34 DIAOBJ   18,1,2,14,174,78,196,"ESCAPE","DPOP"
12:18:34 DIAOBJ   18,2,1,10,38,78,60,"","WHITE"
12:18:34 DIAOBJ   18,3,1,10,68,78,90,"","BLACK"
12:18:34 DIAOBJ   18,4,1,10,99,78,121,"","RED"
12:18:34 DIAOBJ   18,5,1,10,132,78,154,"","GREEN"
12:18:34 DIAOBJ   18,7,1,118,14,148,33,"","R"
12:18:34 DIAOBJ   18,8,1,181,14,211,33,"","G"
12:18:34 DIAOBJ   18,9,1,245,14,275,33,"","B"
12:18:34 DIAOBJ   18,10,3,179,38,197,56,"","white[1]"
12:18:34 DIAOBJ   18,11,3,112,38,131,56,"","white[0]"
12:18:34 DIAOBJ   18,12,3,245,38,264,56,"","white[2]"
12:18:34 DIAOBJ   18,13,3,112,68,131,86,"","black[0]"
12:18:34 DIAOBJ   18,14,3,179,68,197,86,"","black[1]"
12:18:34 DIAOBJ   18,15,3,245,68,264,86,"","black[2]"
12:18:34 DIAOBJ   18,16,3,112,99,131,117,"","red[0]"
12:18:34 DIAOBJ   18,17,3,179,99,197,117,"","red[1]"
12:18:34 DIAOBJ   18,18,3,245,99,264,117,"","red[2]"
12:18:34 DIAOBJ   18,19,3,112,132,131,150,"","green[0]"
12:18:34 DIAOBJ   18,20,3,179,132,197,150,"","green[1]"
12:18:34 DIAOBJ   18,21,3,245,132,264,150,"","green[2]"
12:18:34 DIAOBJ   18,25,5,328,38,357,57,"","white[0]"
12:18:34 DIAOBJ   18,26,5,395,38,424,57,"","white[1]"
12:18:34 DIAOBJ   18,27,5,458,38,487,57,"","white[2]"
12:18:34 DIAOBJ   18,28,5,328,68,357,87,"","black[0]"
12:18:34 DIAOBJ   18,29,5,395,68,424,87,"","black[1]"
12:18:34 DIAOBJ   18,30,5,458,68,487,87,"","black[2]"
12:18:34 DIAOBJ   18,31,5,328,99,357,118,"","red[0]"
12:18:34 DIAOBJ   18,32,5,395,99,424,118,"","red[1]"
12:18:34 DIAOBJ   18,33,5,458,99,487,118,"","red[2]"
12:18:34 DIAOBJ   18,34,5,328,132,357,151,"","green[0]"
12:18:34 DIAOBJ   18,35,5,395,132,424,151,"","green[1]"
12:18:34 DIAOBJ   18,36,5,458,132,487,151,"","green[2]"
12:18:34 DLOAD - Loaded SAT.dcf
12:18:34 KEY F1 = DIALOG menu{CR}
12:18:34 KEY F3 = START{CR} tGoOn = 1{CR}
12:18:34 KEY F4 = tGoOn = 0 {CR} SPAWN TRIAL_STOP{CR}
12:18:34 KEY F5 = SPAWN CAL_FIX{CR}
12:18:34 KEY F7 = HZERO 4 TO 15{CR}
12:18:34 KEY CF7 = SPAWN CNT_RESET{CR}
12:18:34 KEY SF7 = SPAWN INIT_VAR{CR}
12:18:34 KEY F8 = STOP{CR}HSAVE 1 TO 3
12:18:34 KEY F10 = SPAWN mSTIM{CR}
12:18:34 KEY F12 = SPAWN RWD_JUICE{CR}
12:18:34 KEY CF12 = SPAWN RE_CLUT{CR}
12:18:34 CLOAD - Loaded SAT.pcf
12:18:50 START
12:18:50 RE-SETTING COLOR LOOKUP TABLE...
12:18:50 Clearing Variables 
12:18:51 P1600b - 1645 New Max cpuIntLatency=[128 267 236] @D4EF 03B4
12:18:52 P1600b - 2628 New Max cpuIntLatency=[128 289 267] @D4EF 03B4
12:18:57 P1600b - 7632 New Max cpuIntLatency=[128 4697 289] @D549 3275
12:19:00 Success
12:19:01 Success: 1    Err: 0          Total: 1
12:19:01 Abort: 0      CatchErr: 0     HoldErr: 0
12:19:01 LatErr: 0     TargHoldErr: 0  DirectErr: 0
12:19:01 -----------------------
12:19:02 P1600b - 12136 New Min cpuIntLatency=[128 112 4697] @D549 1732
12:19:05 STOP
12:19:09 CCLEAR
12:19:09 SHOW S
12:19:09 CLS
12:19:09 DPOP *
12:19:09 DREMOVE *
12:19:09 DPOP MENU
12:19:09 DPOP TRAINING
12:19:09 DPOP TIME
12:19:09 DPOP GROUPING
12:19:09 DPOP TARGET0
12:19:09 DPOP TARGET1
12:19:09 DPOP TARGET2
12:19:09 DPOP TARGET3
12:19:09 DPOP TARGET4
12:19:09 DPOP TARGET5
12:19:09 DPOP SAT
12:19:09 DPOP ACC_POS
12:19:09 DPOP ACC_PAIR
12:19:09 DPOP RT_POS
12:19:09 DPOP RT_PAIR
12:19:09 DPOP SET_SIZE
12:19:09 DPOP uSTIM
12:19:09 DPOP EyeGain
12:19:09 DPOP COLOR
12:19:09 HREMOVE *
12:19:09 FLUSH
12:19:09 LOG OFF
12:19:09 LOG SRCHWIN.log CLOSED Wed May 08 12:19:09 2013
